[debug] [2021-12-14T17:51:05.087Z] ----------------------------------------------------------------------
[debug] [2021-12-14T17:51:05.090Z] Command:       C:\Program Files\nodejs\node.exe C:\Users\ddomn\AppData\Roaming\npm\node_modules\firebase-tools\lib\bin\firebase.js emulators:start
[debug] [2021-12-14T17:51:05.090Z] CLI Version:   9.23.1
[debug] [2021-12-14T17:51:05.090Z] Platform:      win32
[debug] [2021-12-14T17:51:05.090Z] Node Version:  v14.15.1
[debug] [2021-12-14T17:51:05.091Z] Time:          Tue Dec 14 2021 19:51:05 GMT+0200 (Eastern European Standard Time)
[debug] [2021-12-14T17:51:05.091Z] ----------------------------------------------------------------------
[debug] 
[debug] [2021-12-14T17:51:05.150Z] > command requires scopes: ["email","openid","https://www.googleapis.com/auth/cloudplatformprojects.readonly","https://www.googleapis.com/auth/firebase","https://www.googleapis.com/auth/cloud-platform"]
[debug] [2021-12-14T17:51:05.151Z] > authorizing via signed-in user (d.domnich2017@gmail.com)
[info] i  emulators: Starting emulators: hosting {"metadata":{"emulator":{"name":"hub"},"message":"Starting emulators: hosting"}}
[debug] [2021-12-14T17:51:05.185Z] [hub] writing locator at C:\Users\ddomn\AppData\Local\Temp\hub-sea-battle-50782.json
[debug] [2021-12-14T17:51:05.216Z] >>> [apiv2][query] GET https://firebasehosting.googleapis.com/v1beta1/projects/sea-battle-50782/sites 
[debug] [2021-12-14T17:51:06.171Z] <<< [apiv2][status] GET https://firebasehosting.googleapis.com/v1beta1/projects/sea-battle-50782/sites 200
[debug] [2021-12-14T17:51:06.172Z] <<< [apiv2][body] GET https://firebasehosting.googleapis.com/v1beta1/projects/sea-battle-50782/sites {"sites":[{"name":"projects/274427245148/sites/sea-battle-50782","defaultUrl":"https://sea-battle-50782.web.app","type":"DEFAULT_SITE"}]}
[debug] [2021-12-14T17:51:06.173Z] >>> [apiv2][query] GET https://firebase.googleapis.com/v1beta1/projects/sea-battle-50782/webApps/-/config [none]
[debug] [2021-12-14T17:51:07.047Z] <<< [apiv2][status] GET https://firebase.googleapis.com/v1beta1/projects/sea-battle-50782/webApps/-/config 200
[debug] [2021-12-14T17:51:07.047Z] <<< [apiv2][body] GET https://firebase.googleapis.com/v1beta1/projects/sea-battle-50782/webApps/-/config {"projectId":"sea-battle-50782","appId":"1:274427245148:web:ec6be5883804c3890a6c99","storageBucket":"sea-battle-50782.appspot.com","apiKey":"AIzaSyCsYwAPaxYMHa5G20ZKosm65blIX6AAiFk","authDomain":"sea-battle-50782.firebaseapp.com","messagingSenderId":"274427245148","measurementId":"G-Z4BL0FXS5M"}
[info] i  hosting: Serving hosting files from: dist/SeaBattle {"metadata":{"emulator":{"name":"hosting"},"message":"Serving hosting files from: \u001b[1mdist/SeaBattle\u001b[22m"}}
[info] +  hosting: Local server: http://localhost:5000 {"metadata":{"emulator":{"name":"hosting"},"message":"Local server: \u001b[4m\u001b[1mhttp://localhost:5000\u001b[22m\u001b[24m"}}
[warn] !  emulators: The Emulator UI requires a project ID to start. Configure your default project with 'firebase use' or pass the --project flag. {"metadata":{"emulator":{"name":"hub"},"message":"The Emulator UI requires a project ID to start. Configure your default project with 'firebase use' or pass the --project flag."}}
[info] 
┌─────────────────────────────────────────────────────────────┐
│ ✔  All emulators ready! It is now safe to connect your app. │
└─────────────────────────────────────────────────────────────┘

┌──────────┬────────────────┐
│ Emulator │ Host:Port      │
├──────────┼────────────────┤
│ Hosting  │ localhost:5000 │
└──────────┴────────────────┘
  Emulator Hub running at localhost:4400
  Other reserved ports: None

Issues? Report them at https://github.com/firebase/firebase-tools/issues and attach the *-debug.log files.
 
[info] i  hosting: 127.0.0.1 - - [14/Dec/2021:17:51:20 +0000] "GET / HTTP/1.1" 200 7343 "-" "Mozilla/5.0 (Windows NT 10.0; Win64; x64) AppleWebKit/537.36 (KHTML, like Gecko) Chrome/96.0.4664.93 Safari/537.36" {"metadata":{"emulator":{"name":"hosting"},"message":"127.0.0.1 - - [14/Dec/2021:17:51:20 +0000] \"GET / HTTP/1.1\" 200 7343 \"-\" \"Mozilla/5.0 (Windows NT 10.0; Win64; x64) AppleWebKit/537.36 (KHTML, like Gecko) Chrome/96.0.4664.93 Safari/537.36\""}}
